101 INFO: PyInstaller: 6.20.0, contrib hooks: 2026.5
102 INFO: Python: 3.14.5
128 INFO: Platform: Windows-11-10.0.26200-SP0
129 INFO: Python environment: C:\Python314
131 INFO: Removing temporary files and cleaning cache in C:\Users\fernando\AppData\Local\pyinstaller
133 INFO: Module search paths (PYTHONPATH):
['C:\\Users\\fernando\\loombit-new',
 'C:\\Python314\\python314.zip',
 'C:\\Python314\\DLLs',
 'C:\\Python314\\Lib',
 'C:\\Python314',
 'C:\\Users\\fernando\\AppData\\Roaming\\Python\\Python314\\site-packages',
 'C:\\Users\\fernando\\AppData\\Roaming\\Python\\Python314\\site-packages\\win32',
 'C:\\Users\\fernando\\AppData\\Roaming\\Python\\Python314\\site-packages\\win32\\lib',
 'C:\\Users\\fernando\\AppData\\Roaming\\Python\\Python314\\site-packages\\pythonwin',
 'C:\\Python314\\Lib\\site-packages',
 'C:\\Users\\fernando\\loombit-new']
480 INFO: Appending 'datas' from .spec
480 INFO: checking Analysis
481 INFO: Building Analysis because Analysis-00.toc is non existent
481 INFO: Looking for Python shared library...
481 INFO: Using Python shared library: C:\Python314\python314.dll
481 INFO: Running Analysis Analysis-00.toc
481 INFO: Target bytecode optimization level: 0
481 INFO: Initializing module dependency graph...
481 INFO: Initializing module graph hook caches...
509 INFO: Analyzing modules for base_library.zip ...
1727 INFO: Processing standard module hook 'hook-encodings.py' from 'C:\\Python314\\Lib\\site-packages\\PyInstaller\\hooks'
2020 INFO: Processing standard module hook 'hook-pickle.py' from 'C:\\Python314\\Lib\\site-packages\\PyInstaller\\hooks'
2157 INFO: Processing standard module hook 'hook-difflib.py' from 'C:\\Python314\\Lib\\site-packages\\PyInstaller\\hooks'
2167 INFO: Processing standard module hook 'hook-heapq.py' from 'C:\\Python314\\Lib\\site-packages\\PyInstaller\\hooks'
3901 INFO: Caching module dependency graph...
3926 INFO: Analyzing C:\Users\fernando\loombit-new\loombit_operator\launcher.py
3980 INFO: Processing standard module hook 'hook-sysconfig.py' from 'C:\\Python314\\Lib\\site-packages\\PyInstaller\\hooks'
3985 INFO: Processing standard module hook 'hook-_ctypes.py' from 'C:\\Python314\\Lib\\site-packages\\PyInstaller\\hooks'
4018 INFO: Processing standard module hook 'hook-uvicorn.py' from 'C:\\Python314\\Lib\\site-packages\\_pyinstaller_hooks_contrib\\stdhooks'
4459 INFO: Processing standard module hook 'hook-multiprocessing.util.py' from 'C:\\Python314\\Lib\\site-packages\\PyInstaller\\hooks'
4520 INFO: Processing standard module hook 'hook-xml.py' from 'C:\\Python314\\Lib\\site-packages\\PyInstaller\\hooks'
5537 INFO: Processing standard module hook 'hook-platform.py' from 'C:\\Python314\\Lib\\site-packages\\PyInstaller\\hooks'
5576 INFO: Processing pre-safe-import-module hook 'hook-typing_extensions.py' from 'C:\\Python314\\Lib\\site-packages\\PyInstaller\\hooks\\pre_safe_import_module'
5577 INFO: SetuptoolsInfo: initializing cached setuptools info...
6669 INFO: Processing standard module hook 'hook-websockets.py' from 'C:\\Python314\\Lib\\site-packages\\_pyinstaller_hooks_contrib\\stdhooks'
7533 INFO: Processing standard module hook 'hook-cryptography.py' from 'C:\\Python314\\Lib\\site-packages\\_pyinstaller_hooks_contrib\\stdhooks'
8387 INFO: hook-cryptography: cryptography does not seem to be using dynamically linked OpenSSL.
9032 INFO: Processing standard module hook 'hook-anyio.py' from 'C:\\Python314\\Lib\\site-packages\\_pyinstaller_hooks_contrib\\stdhooks'
10152 INFO: Processing standard module hook 'hook-pydantic.py' from 'C:\\Python314\\Lib\\site-packages\\_pyinstaller_hooks_contrib\\stdhooks'
10681 INFO: Processing standard module hook 'hook-rich.py' from 'C:\\Python314\\Lib\\site-packages\\_pyinstaller_hooks_contrib\\stdhooks'
11185 INFO: Processing standard module hook 'hook-pygments.py' from 'C:\\Python314\\Lib\\site-packages\\PyInstaller\\hooks'
12798 INFO: Processing standard module hook 'hook-zoneinfo.py' from 'C:\\Python314\\Lib\\site-packages\\_pyinstaller_hooks_contrib\\stdhooks'
13291 INFO: Processing standard module hook 'hook-certifi.py' from 'C:\\Python314\\Lib\\site-packages\\_pyinstaller_hooks_contrib\\stdhooks'
13909 INFO: Processing standard module hook 'hook-dns.rdata.py' from 'C:\\Python314\\Lib\\site-packages\\_pyinstaller_hooks_contrib\\stdhooks'
14540 INFO: Processing standard module hook 'hook-pythoncom.py' from 'C:\\Python314\\Lib\\site-packages\\_pyinstaller_hooks_contrib\\stdhooks'
14625 INFO: Processing standard module hook 'hook-pywintypes.py' from 'C:\\Python314\\Lib\\site-packages\\_pyinstaller_hooks_contrib\\stdhooks'
15729 INFO: Processing pre-safe-import-module hook 'hook-tomli.py' from 'C:\\Python314\\Lib\\site-packages\\PyInstaller\\hooks\\pre_safe_import_module'
15729 INFO: Setuptools: 'tomli' appears to be a setuptools-vendored copy - creating alias to 'setuptools._vendor.tomli'!
15735 INFO: Processing standard module hook 'hook-setuptools.py' from 'C:\\Python314\\Lib\\site-packages\\PyInstaller\\hooks'
15749 INFO: Processing pre-safe-import-module hook 'hook-distutils.py' from 'C:\\Python314\\Lib\\site-packages\\PyInstaller\\hooks\\pre_safe_import_module'
15778 INFO: Processing pre-safe-import-module hook 'hook-jaraco.py' from 'C:\\Python314\\Lib\\site-packages\\PyInstaller\\hooks\\pre_safe_import_module'
15779 INFO: Setuptools: 'jaraco' appears to be a partial setuptools-vendored copy - extending search paths to ['C:\\Users\\fernando\\AppData\\Roaming\\Python\\Python314\\site-packages\\jaraco', 'C:\\Users\\fernando\\AppData\\Roaming\\Python\\Python314\\site-packages\\setuptools\\_vendor\\jaraco']!
15780 INFO: Processing pre-safe-import-module hook 'hook-jaraco.functools.py' from 'C:\\Python314\\Lib\\site-packages\\PyInstaller\\hooks\\pre_safe_import_module'
15790 INFO: Processing pre-safe-import-module hook 'hook-more_itertools.py' from 'C:\\Python314\\Lib\\site-packages\\PyInstaller\\hooks\\pre_safe_import_module'
15974 INFO: Processing pre-safe-import-module hook 'hook-packaging.py' from 'C:\\Python314\\Lib\\site-packages\\PyInstaller\\hooks\\pre_safe_import_module'
16201 INFO: Processing pre-safe-import-module hook 'hook-jaraco.text.py' from 'C:\\Python314\\Lib\\site-packages\\PyInstaller\\hooks\\pre_safe_import_module'
16201 INFO: Setuptools: 'jaraco.text' appears to be a setuptools-vendored copy - creating alias to 'setuptools._vendor.jaraco.text'!
16212 INFO: Processing standard module hook 'hook-setuptools._vendor.jaraco.text.py' from 'C:\\Python314\\Lib\\site-packages\\PyInstaller\\hooks'
16214 INFO: Processing pre-safe-import-module hook 'hook-importlib_resources.py' from 'C:\\Python314\\Lib\\site-packages\\PyInstaller\\hooks\\pre_safe_import_module'
16215 INFO: Processing pre-safe-import-module hook 'hook-jaraco.context.py' from 'C:\\Python314\\Lib\\site-packages\\PyInstaller\\hooks\\pre_safe_import_module'
16225 INFO: Processing pre-safe-import-module hook 'hook-backports.py' from 'C:\\Python314\\Lib\\site-packages\\PyInstaller\\hooks\\pre_safe_import_module'
16226 INFO: Setuptools: 'backports' appears to be a full setuptools-vendored copy - creating alias to 'setuptools._vendor.backports'!
16367 INFO: Processing pre-safe-import-module hook 'hook-importlib_metadata.py' from 'C:\\Python314\\Lib\\site-packages\\PyInstaller\\hooks\\pre_safe_import_module'
16367 INFO: Setuptools: 'importlib_metadata' appears to be a setuptools-vendored copy - creating alias to 'setuptools._vendor.importlib_metadata'!
16389 INFO: Processing standard module hook 'hook-setuptools._vendor.importlib_metadata.py' from 'C:\\Python314\\Lib\\site-packages\\PyInstaller\\hooks'
16415 INFO: Processing pre-safe-import-module hook 'hook-zipp.py' from 'C:\\Python314\\Lib\\site-packages\\PyInstaller\\hooks\\pre_safe_import_module'
16416 INFO: Setuptools: 'zipp' appears to be a setuptools-vendored copy - creating alias to 'setuptools._vendor.zipp'!
16991 INFO: Processing pre-safe-import-module hook 'hook-wheel.py' from 'C:\\Python314\\Lib\\site-packages\\PyInstaller\\hooks\\pre_safe_import_module'
16992 INFO: Setuptools: 'wheel' appears to be a setuptools-vendored copy - creating alias to 'setuptools._vendor.wheel'!
17145 INFO: Processing standard module hook 'hook-pynput.py' from 'C:\\Python314\\Lib\\site-packages\\_pyinstaller_hooks_contrib\\stdhooks'
17405 INFO: Processing pre-safe-import-module hook 'hook-six.moves.py' from 'C:\\Python314\\Lib\\site-packages\\PyInstaller\\hooks\\pre_safe_import_module'
17586 INFO: Processing standard module hook 'hook-comtypes.client.py' from 'C:\\Python314\\Lib\\site-packages\\_pyinstaller_hooks_contrib\\stdhooks'
18191 INFO: Processing standard module hook 'hook-PIL.py' from 'C:\\Python314\\Lib\\site-packages\\PyInstaller\\hooks'
18284 INFO: Processing standard module hook 'hook-PIL.Image.py' from 'C:\\Python314\\Lib\\site-packages\\PyInstaller\\hooks'
18599 INFO: Processing standard module hook 'hook-xml.etree.cElementTree.py' from 'C:\\Python314\\Lib\\site-packages\\PyInstaller\\hooks'
18753 INFO: Processing standard module hook 'hook-PIL.ImageFilter.py' from 'C:\\Python314\\Lib\\site-packages\\PyInstaller\\hooks'
C:\Users\fernando\AppData\Roaming\Python\Python314\site-packages\pywinauto\keyboard.py:105: SyntaxWarning: "\;" is an invalid escape sequence. Such sequences will not work in the future. Did you mean "\\;"? A raw string is also an option.
  option only affects the behavior of keys matching [-=[]\;',./a-zA-Z0-9 ].  Note
C:\Users\fernando\AppData\Roaming\Python\Python314\site-packages\pywinauto\linux\keyboard.py:55: SyntaxWarning: "\e" is an invalid escape sequence. Such sequences will not work in the future. Did you mean "\\e"? A raw string is also an option.
  '\e': "Escape",
19213 INFO: Processing pre-safe-import-module hook 'hook-win32com.py' from 'C:\\Python314\\Lib\\site-packages\\_pyinstaller_hooks_contrib\\pre_safe_import_module'
19301 INFO: Processing standard module hook 'hook-win32com.py' from 'C:\\Python314\\Lib\\site-packages\\_pyinstaller_hooks_contrib\\stdhooks'
19485 INFO: Processing standard module hook 'hook-psutil.py' from 'C:\\Python314\\Lib\\site-packages\\_pyinstaller_hooks_contrib\\stdhooks'
20003 INFO: Processing standard module hook 'hook-xml.dom.domreg.py' from 'C:\\Python314\\Lib\\site-packages\\PyInstaller\\hooks'
20627 INFO: Processing standard module hook 'hook-keyring.py' from 'C:\\Python314\\Lib\\site-packages\\PyInstaller\\hooks'
21080 INFO: Processing standard module hook 'hook-pystray.py' from 'C:\\Python314\\Lib\\site-packages\\_pyinstaller_hooks_contrib\\stdhooks'
21305 INFO: Processing pre-safe-import-module hook 'hook-gi.py' from 'C:\\Python314\\Lib\\site-packages\\PyInstaller\\hooks\\pre_safe_import_module'
C:\Python314\Lib\site-packages\pystray\_util\gtk.py:53: SyntaxWarning: 'return' in a 'finally' block
  return False
21345 INFO: Analyzing hidden import 'uvicorn.loops'
21346 INFO: Analyzing hidden import 'uvicorn.loops.auto'
21349 INFO: Analyzing hidden import 'uvicorn.protocols.http.auto'
21350 INFO: Analyzing hidden import 'uvicorn.protocols.websockets.auto'
21351 INFO: Analyzing hidden import 'uvicorn.lifespan'
21351 INFO: Analyzing hidden import 'uvicorn.lifespan.on'
21355 INFO: Analyzing hidden import 'uvicorn.lifespan.off'
21356 INFO: Analyzing hidden import 'starlette.templating'
21362 INFO: Processing standard module hook 'hook-jinja2.py' from 'C:\\Python314\\Lib\\site-packages\\_pyinstaller_hooks_contrib\\stdhooks'
21709 INFO: Analyzing hidden import 'starlette.middleware.cors'
21714 INFO: Analyzing hidden import 'PIL.ImageDraw'
21772 INFO: Analyzing hidden import 'loombit_operator.tools.connectors'
21777 INFO: Analyzing hidden import 'loombit_operator.lm_jobs'
21789 INFO: Analyzing hidden import 'loombit_operator.skill_loader'
21795 INFO: Analyzing hidden import 'loombit_operator.cobros'
21798 INFO: Analyzing hidden import 'keyring.backends.Windows'
21811 INFO: Processing standard module hook 'hook-win32ctypes.core.py' from 'C:\\Python314\\Lib\\site-packages\\PyInstaller\\hooks'
22473 INFO: Processing standard module hook 'hook-pycparser.py' from 'C:\\Python314\\Lib\\site-packages\\_pyinstaller_hooks_contrib\\stdhooks'
22866 INFO: Analyzing hidden import 'keyring.backends.chainer'
22868 INFO: Analyzing hidden import 'email.mime.application'
22869 INFO: Processing module hooks (post-graph stage)...
23141 WARNING: Hidden import "pycparser.lextab" not found!
23141 WARNING: Hidden import "pycparser.yacctab" not found!
23650 WARNING: Hidden import "tzdata" not found!
23929 INFO: Processing standard module hook 'hook-PIL.SpiderImagePlugin.py' from 'C:\\Python314\\Lib\\site-packages\\PyInstaller\\hooks'
25673 INFO: Performing binary vs. data reclassification (35 entries)
25684 INFO: Looking for ctypes DLLs
25852 INFO: Analyzing run-time hooks ...
25857 INFO: Including run-time hook 'pyi_rth_inspect.py' from 'C:\\Python314\\Lib\\site-packages\\PyInstaller\\hooks\\rthooks'
25860 INFO: Including run-time hook 'pyi_rth_pkgutil.py' from 'C:\\Python314\\Lib\\site-packages\\PyInstaller\\hooks\\rthooks'
25863 INFO: Including run-time hook 'pyi_rth_multiprocessing.py' from 'C:\\Python314\\Lib\\site-packages\\PyInstaller\\hooks\\rthooks'
25865 INFO: Including run-time hook 'pyi_rth_setuptools.py' from 'C:\\Python314\\Lib\\site-packages\\PyInstaller\\hooks\\rthooks'
25866 INFO: Including run-time hook 'pyi_rth_pywintypes.py' from 'C:\\Python314\\Lib\\site-packages\\_pyinstaller_hooks_contrib\\rthooks'
25867 INFO: Including run-time hook 'pyi_rth_cryptography_openssl.py' from 'C:\\Python314\\Lib\\site-packages\\_pyinstaller_hooks_contrib\\rthooks'
25867 INFO: Including run-time hook 'pyi_rth_pythoncom.py' from 'C:\\Python314\\Lib\\site-packages\\_pyinstaller_hooks_contrib\\rthooks'
25886 INFO: Creating base_library.zip...
25899 INFO: Looking for dynamic libraries
27268 INFO: Extra DLL search directories (AddDllDirectory): []
27268 INFO: Extra DLL search directories (PATH): []
27820 INFO: Warnings written to C:\Users\fernando\loombit-new\build\loombit\warn-loombit.txt
27919 INFO: Graph cross-reference written to C:\Users\fernando\loombit-new\build\loombit\xref-loombit.html
27956 INFO: checking PYZ
27956 INFO: Building PYZ because PYZ-00.toc is non existent
27956 INFO: Building PYZ (ZlibArchive) C:\Users\fernando\loombit-new\build\loombit\PYZ-00.pyz
28698 INFO: Building PYZ (ZlibArchive) C:\Users\fernando\loombit-new\build\loombit\PYZ-00.pyz completed successfully.
28725 INFO: checking PKG
28725 INFO: Building PKG because PKG-00.toc is non existent
28725 INFO: Building PKG (CArchive) Loombit.pkg
28745 INFO: Building PKG (CArchive) Loombit.pkg completed successfully.
28746 INFO: Bootloader C:\Python314\Lib\site-packages\PyInstaller\bootloader\Windows-64bit-intel\runw.exe
28746 INFO: checking EXE
28746 INFO: Building EXE because EXE-00.toc is non existent
28746 INFO: Building EXE from EXE-00.toc
28746 INFO: Copying bootloader EXE to C:\Users\fernando\loombit-new\build\loombit\Loombit.exe
28749 INFO: Copying icon to EXE
28751 INFO: Copying 0 resources to EXE
28751 INFO: Embedding manifest in EXE
28752 INFO: Appending PKG archive to EXE
28760 INFO: Fixing EXE headers
28827 INFO: Building EXE from EXE-00.toc completed successfully.
28828 INFO: checking COLLECT
28828 INFO: Building COLLECT because COLLECT-00.toc is non existent
28829 INFO: Building COLLECT COLLECT-00.toc
28986 INFO: Building COLLECT COLLECT-00.toc completed successfully.
28988 INFO: Build complete! The results are available in: C:\Users\fernando\loombit-new\dist
